<?xml version="1.0" encoding="UTF-8"?>
<!-- Generated by org.testng.reporters.JUnitXMLReporter -->
<testsuite ignored="0" hostname="LIT004950" failures="0" tests="3" name="Default test" time="27.503" errors="0" timestamp="2022-04-02T15:56:58 CEST">
  <testcase classname="main.Main" name="executeSmoketestHomePage_searchbar" time="6.063"/>
  <testcase classname="main.Main" name="executeSmoketestHomePagetoolbar_footer" time="2.26"/>
  <testcase classname="main.Main" name="executeSmoketestHomePagetoolbar_header" time="0.815"/>
</testsuite> <!-- Default test -->
