<?xml version="1.0" encoding="UTF-8"?>
<!-- Generated by org.testng.reporters.JUnitXMLReporter -->
<testsuite hostname="LIT004950" ignored="0" name="Test" tests="3" failures="0" timestamp="2022-04-02T18:19:38 CEST" time="26.093" errors="0">
  <testcase name="executeSmoketest_HomePage_SearchBar" time="5.237" classname="main.Main"/>
  <testcase name="executeSmoketest_HomePage_ToolBar" time="2.155" classname="main.Main"/>
  <testcase name="executeSmoketest_HomePage_ActionBar" time="1.957" classname="main.Main"/>
</testsuite> <!-- Test -->
